
INFO:root:Started
INFO:root:no material is Routed with EC2
INFO:root:Started
INFO:root:no material is Routed with EC2
INFO:root:Started
INFO:root:no material is Routed with EC2
INFO:root:Started
INFO:root:no material is Routed with EC2
INFO:root:Started
INFO:root:no material is Routed with EC2
INFO:root:Started
INFO:root:no material is Routed with EC2
INFO:root:Started
INFO:root:no material is Routed with EC2
INFO:root:Started
INFO:root:no material is Routed with EC2
INFO:root:Started
INFO:root:no material is Routed with EC2
INFO:root:Started
INFO:root:no material is Routed with EC2
INFO:root:Started
INFO:root:no material is Routed with EC2
INFO:root:Started
INFO:root:no material is Routed with EC2
INFO:root:Started
INFO:root:no material is Routed with EC2
INFO:root:Started
INFO:root:no material is Routed with EC2
INFO:root:Started
INFO:root:no material is Routed with EC2
INFO:root:Started
INFO:root:no material is Routed with EC2
INFO:root:Started
INFO:root:no material is Routed with EC2
INFO:root:Started
INFO:root:no material is Routed with EC2
INFO:root:Started
INFO:root:no material is Routed with EC2
INFO:root:Started
INFO:root:no material is Routed with EC2
INFO:root:Started
INFO:root:no material is Routed with EC2
INFO:root:Started
INFO:root:no material is Routed with EC2
INFO:root:Started
INFO:root:no material is Routed with EC2
INFO:root:Started
INFO:root:no material is Routed with EC2
INFO:root:Started
INFO:root:no material is Routed with EC2
INFO:root:Started
INFO:root:no material is Routed with EC2
INFO:root:Started
INFO:root:no material is Routed with EC2
INFO:root:Started
INFO:root:no material is Routed with EC2
INFO:root:Started
INFO:root:no material is Routed with EC2
INFO:root:Started
INFO:root:no material is Routed with EC2
INFO:root:Started
INFO:root:no material is Routed with EC2
INFO:root:Started
INFO:root:no material is Routed with EC2
INFO:root:Started
INFO:root:no material is Routed with EC2
INFO:root:Started
INFO:root:no material is Routed with EC2
INFO:root:Started
INFO:root:no material is Routed with EC2
INFO:root:Started
INFO:root:no material is Routed with EC2
INFO:root:Started
INFO:root:no material is Routed with EC2
INFO:root:Started
INFO:root:no material is Routed with EC2
INFO:root:Started
INFO:root:no material is Routed with EC2
INFO:root:Started
INFO:root:no material is Routed with EC2
INFO:root:Started
INFO:root:Started
INFO:root:Started
INFO:root:Started
INFO:root:Started
INFO:root:no material is Routed with EC2
INFO:root:Started
INFO:root:no material is Routed with EC2
INFO:root:Started
INFO:root:no material is Routed with EC2
INFO:root:Started
INFO:root:Started
INFO:root:Started
INFO:root:Started
INFO:root:Started
INFO:root:Started
INFO:root:Started
INFO:root:no material is fastened with EC2
INFO:root:no material is Routed with EC2
INFO:root:Started
INFO:root:no material is fastened with EC2
INFO:root:no material is Routed with EC2
INFO:root:Started
INFO:root:no material is fastened with EC2
INFO:root:no material is Routed with EC2
INFO:root:Started
INFO:root:Started
INFO:root:no material is fastened with EC2
INFO:root:no material is Routed with EC2
INFO:root:Started
INFO:root:Started
INFO:root:no material is fastened with EC2
INFO:root:no material is Routed with EC2
INFO:root:Started
INFO:root:Started
INFO:root:Started
INFO:root:Started
INFO:root:Started
INFO:root:Started
INFO:root:no material is fastened with EC2
INFO:root:no material is Routed with EC2
INFO:root:Started
INFO:root:no material is fastened with EC2
INFO:root:no material is Routed with EC2
INFO:root:Started
INFO:root:no material is fastened with EC2
INFO:root:no material is Routed with EC2
INFO:root:no material is placed with EC3
INFO:root:Started
INFO:root:no material is fastened with EC2
INFO:root:no material is Routed with EC2
INFO:root:Started
INFO:root:no material is fastened with EC2
INFO:root:no material is Routed with EC2
INFO:root:Started
INFO:root:no material is fastened with EC2
INFO:root:no material is Routed with EC2
INFO:root:Started
INFO:root:Started
INFO:root:no material is fastened with EC2
INFO:root:no material is Routed with EC2
INFO:root:no material is placed with EC3
INFO:root:Started
INFO:root:no material is fastened with EC2
INFO:root:no material is Routed with EC2
INFO:root:Started
INFO:root:no material is fastened with EC2
INFO:root:no material is Routed with EC2
INFO:root:no material is placed with EC3
INFO:root:Started
INFO:root:no material is fastened with EC2
INFO:root:no material is Routed with EC2
INFO:root:Started
INFO:root:no material is fastened with EC2
INFO:root:no material is Routed with EC2
INFO:root:no material is placed with EC3
INFO:root:Started
INFO:root:Started
INFO:root:no material is fastened with EC2
INFO:root:no material is Routed with EC2
INFO:root:no material is placed with EC3
INFO:root:Started
INFO:root:no material is fastened with EC2
INFO:root:no material is Routed with EC2
INFO:root:no material is placed with EC3
INFO:root:Started
INFO:root:no material is fastened with EC2
INFO:root:no material is Routed with EC2
INFO:root:Started
INFO:root:Started
INFO:root:no material is fastened with EC2
INFO:root:no material is Routed with EC2
INFO:root:no material is placed with EC3
INFO:root:Started
INFO:root:no material is fastened with EC2
INFO:root:no material is Routed with EC2
INFO:root:Started
INFO:root:no material is fastened with EC2
INFO:root:no material is Routed with EC2
INFO:root:no material is placed with EC3
INFO:root:Started
INFO:root:no material is fastened with EC2
INFO:root:no material is Routed with EC2
INFO:root:no material is placed with EC3
INFO:root:Started
INFO:root:no material is fastened with EC2
INFO:root:no material is Routed with EC2
INFO:root:Started
INFO:root:Started
INFO:root:no material is fastened with EC2
INFO:root:no material is Routed with EC2
INFO:root:Started
INFO:root:no material is fastened with EC2
INFO:root:no material is Routed with EC2
INFO:root:Started
INFO:root:no material is fastened with EC2
INFO:root:no material is Routed with EC2
INFO:root:Started
INFO:root:Started
INFO:root:no material is fastened with EC2
INFO:root:no material is Routed with EC2
INFO:root:Started
INFO:root:no material is fastened with EC2
INFO:root:no material is Routed with EC2
INFO:root:Started
INFO:root:Started
INFO:root:no material is fastened with EC2
INFO:root:no material is Routed with EC2
INFO:root:Started
INFO:root:no material is fastened with EC2
INFO:root:no material is Routed with EC2
INFO:root:Started
INFO:root:Started
INFO:root:Started
INFO:root:Started
INFO:root:Started
INFO:root:no material is fastened with EC2
INFO:root:no material is Routed with EC2
INFO:root:Started
INFO:root:no material is fastened with EC2
INFO:root:no material is Routed with EC2
INFO:root:Started
INFO:root:Started
INFO:root:Started
INFO:root:Started
INFO:root:Started
INFO:root:Started
INFO:root:Started
INFO:root:Started
INFO:root:Started
INFO:root:Started
INFO:root:Started
INFO:root:Started
INFO:root:Started
INFO:root:Started
INFO:root:Started
INFO:root:Started
INFO:root:Started
INFO:root:Started
INFO:root:Started
INFO:root:Started
INFO:root:Started
INFO:root:Started
INFO:root:Started
INFO:root:Started
INFO:root:no material is fastened with EC2
INFO:root:no material is Routed with EC2
INFO:root:Started
INFO:root:no material is fastened with EC2
INFO:root:no material is Routed with EC2
INFO:root:Started
INFO:root:no material is fastened with EC2
INFO:root:no material is Routed with EC2
INFO:root:Started
INFO:root:Started
INFO:root:Started
INFO:root:Started
INFO:root:Started
INFO:root:Started
INFO:root:Started
INFO:root:Started
INFO:root:Started
INFO:root:Started
INFO:root:no material is fastened with EC2
INFO:root:no material is Routed with EC2
INFO:root:Started
INFO:root:no material is fastened with EC2
INFO:root:no material is Routed with EC2
INFO:root:Started
INFO:root:no material is fastened with EC2
INFO:root:no material is Routed with EC2
INFO:root:Started
INFO:root:no material is fastened with EC2
INFO:root:no material is Routed with EC2
INFO:root:Started
INFO:root:no material is fastened with EC2
INFO:root:no material is Routed with EC2
INFO:root:no material is placed with EC3
INFO:root:Started
INFO:root:no material is fastened with EC2
INFO:root:no material is Routed with EC2
INFO:root:Started
INFO:root:no material is fastened with EC2
INFO:root:no material is Routed with EC2
INFO:root:Started
INFO:root:no material is fastened with EC2
INFO:root:no material is Routed with EC2
INFO:root:no material is placed with EC3
INFO:root:Started
INFO:root:no material is fastened with EC2
INFO:root:no material is Routed with EC2
INFO:root:no material is placed with EC3
INFO:root:Started
INFO:root:no material is fastened with EC2
INFO:root:no material is Routed with EC2
INFO:root:no material is placed with EC3
INFO:root:Started
INFO:root:no material is fastened with EC2
INFO:root:no material is Routed with EC2
INFO:root:no material is placed with EC3
INFO:root:Started
INFO:root:Started
INFO:root:Started
INFO:root:no material is fastened with EC2
INFO:root:no material is Routed with EC2
INFO:root:no material is placed with EC3
INFO:root:Started
INFO:root:no material is fastened with EC2
INFO:root:no material is Routed with EC2
INFO:root:no material is placed with EC3
INFO:root:Started
INFO:root:Started
INFO:root:no material is fastened with EC2
INFO:root:no material is Routed with EC2
INFO:root:no material is placed with EC3
INFO:root:Started
INFO:root:Started
INFO:root:no material is fastened with EC2
INFO:root:no material is Routed with EC2
INFO:root:no material is placed with EC3
INFO:root:Started
INFO:root:no material is fastened with EC2
INFO:root:no material is Routed with EC2
INFO:root:no material is placed with EC3
INFO:root:Started
INFO:root:Started
INFO:root:Started
INFO:root:no material is fastened with EC2
INFO:root:no material is Routed with EC2
INFO:root:no material is placed with EC3
INFO:root:Started
INFO:root:no material is fastened with EC2
INFO:root:no material is Routed with EC2
INFO:root:no material is placed with EC3
INFO:root:Started
INFO:root:no material is fastened with EC2
INFO:root:no material is Routed with EC2
INFO:root:no material is placed with EC3
INFO:root:Started
INFO:root:Started
INFO:root:no material is fastened with EC2
INFO:root:no material is Routed with EC2
INFO:root:no material is placed with EC3
INFO:root:Started
INFO:root:no material is fastened with EC2
INFO:root:no material is Routed with EC2
INFO:root:no material is placed with EC3
INFO:root:Started
INFO:root:no material is fastened with EC2
INFO:root:no material is Routed with EC2
INFO:root:no material is placed with EC3
INFO:root:Started
INFO:root:no material is fastened with EC2
INFO:root:no material is Routed with EC2
INFO:root:no material is placed with EC3
INFO:root:Started
INFO:root:no material is fastened with EC2
INFO:root:no material is Routed with EC2
INFO:root:no material is placed with EC3
INFO:root:Started
INFO:root:no material is fastened with EC2
INFO:root:no material is Routed with EC2
INFO:root:no material is placed with EC3
INFO:root:Started
INFO:root:no material is fastened with EC2
INFO:root:no material is Routed with EC2
INFO:root:no material is placed with EC3
INFO:root:Started
INFO:root:no material is fastened with EC2
INFO:root:no material is Routed with EC2
INFO:root:no material is placed with EC3
INFO:root:Started
INFO:root:no material is fastened with EC2
INFO:root:no material is Routed with EC2
INFO:root:no material is placed with EC3
INFO:root:Started
INFO:root:no material is fastened with EC2
INFO:root:no material is Routed with EC2
INFO:root:Started
INFO:root:Started
INFO:root:no material is fastened with EC2
INFO:root:no material is Routed with EC2
INFO:root:no material is placed with EC3
INFO:root:Started
INFO:root:Started
INFO:root:no material is fastened with EC2
INFO:root:no material is Routed with EC2
INFO:root:Started
INFO:root:no material is fastened with EC2
INFO:root:no material is Routed with EC2
INFO:root:Started
INFO:root:no material is fastened with EC2
INFO:root:no material is Routed with EC2
INFO:root:no material is placed with EC3
INFO:root:Started
INFO:root:no material is fastened with EC2
INFO:root:no material is Routed with EC2
INFO:root:no material is placed with EC3
INFO:root:Started
INFO:root:no material is fastened with EC2
INFO:root:no material is Routed with EC2
INFO:root:no material is placed with EC3
INFO:root:Started
INFO:root:no material is fastened with EC2
INFO:root:no material is Routed with EC2
INFO:root:no material is placed with EC3
INFO:root:Started
INFO:root:no material is fastened with EC2
INFO:root:no material is Routed with EC2
INFO:root:no material is placed with EC3
INFO:root:Started
INFO:root:no material is fastened with EC2
INFO:root:no material is Routed with EC2
INFO:root:no material is placed with EC3
INFO:root:Started
INFO:root:no material is fastened with EC2
INFO:root:no material is Routed with EC2
INFO:root:no material is placed with EC3
INFO:root:Started
INFO:root:no material is fastened with EC2
INFO:root:no material is Routed with EC2
INFO:root:no material is placed with EC3
INFO:root:Started
INFO:root:no material is fastened with EC2
INFO:root:no material is Routed with EC2
INFO:root:no material is placed with EC3
INFO:root:Started
INFO:root:no material is fastened with EC2
INFO:root:no material is Routed with EC2
INFO:root:no material is placed with EC3
INFO:root:Started
INFO:root:no material is fastened with EC2
INFO:root:no material is Routed with EC2
INFO:root:no material is placed with EC3
INFO:root:Started
INFO:root:no material is fastened with EC2
INFO:root:no material is Routed with EC2
INFO:root:no material is placed with EC3
INFO:root:Started
INFO:root:Started
INFO:root:Started
INFO:root:Started
INFO:root:Started
INFO:root:Started
INFO:root:Started
INFO:root:Started
INFO:root:Started
INFO:root:Started
INFO:root:Started
INFO:root:Started
INFO:root:Started
INFO:root:Started
INFO:root:Started
INFO:root:no material is placed with EC3
INFO:root:no material is fastened with EC3
INFO:root:no material is Routed with EC3
INFO:root:Started
INFO:root:Started
INFO:root:Started
INFO:root:Started
INFO:root:Started
INFO:root:Started
INFO:root:no material is fastened with EC2
INFO:root:no material is Routed with EC2
INFO:root:no material is placed with EC3
INFO:root:Started
INFO:root:Started
INFO:root:Started
INFO:root:Started
INFO:root:Started
INFO:root:Started
INFO:root:Started
INFO:root:Started
INFO:root:Started
INFO:root:Started
INFO:root:Started
INFO:root:Started
INFO:root:Started
INFO:root:Started
INFO:root:Started
INFO:root:Started
INFO:root:Started
INFO:root:results: [({'b1x': 36.0, 'b1y': 0.0, 'b2x': 36.0, 'b2y': 0.625, 'b3x': 84.0, 'b3y': 0.625, 'b4x': 84.0, 'b4y': 0.0, 'e1x': 36.0, 'e1y': 0.5, 'e2x': 36.0, 'e2y': 96.5, 'e3x': 84.0, 'e3y': 96.5, 'e4x': 84.0, 'e4y': 0.5, 'size': '48X96', 'type': 'Sheet', 'species': None, 'panelguid': 'f46fa82b-0bd5-4b6c-9e7a-cce56b3143fb', 'assembly_id': None, 'description': 'Sheathing', 'elementguid': 'fc7a333a-0f67-4b5c-bb0b-11d25b89d0cb', 'actual_width': 48.0, 'familymember': '40', 'materialdesc': '5/8" DensGlas', 'actual_thickness': 0.625},), ({'b1x': 84.0, 'b1y': 0.0, 'b2x': 84.0, 'b2y': 0.625, 'b3x': 132.0, 'b3y': 0.625, 'b4x': 132.0, 'b4y': 0.0, 'e1x': 84.0, 'e1y': 0.5, 'e2x': 84.0, 'e2y': 96.5, 'e3x': 132.0, 'e3y': 96.5, 'e4x': 132.0, 'e4y': 0.5, 'size': '48X96', 'type': 'Sheet', 'species': None, 'panelguid': 'f46fa82b-0bd5-4b6c-9e7a-cce56b3143fb', 'assembly_id': None, 'description': 'Sheathing', 'elementguid': 'f15a6174-d9a5-47d2-940d-2d36bbeffead', 'actual_width': 48.0, 'familymember': '40', 'materialdesc': '5/8" DensGlas', 'actual_thickness': 0.625},), ({'b1x': 132.0, 'b1y': 0.0, 'b2x': 132.0, 'b2y': 0.625, 'b3x': 180.0, 'b3y': 0.625, 'b4x': 180.0, 'b4y': 0.0, 'e1x': 132.0, 'e1y': 0.5, 'e2x': 132.0, 'e2y': 96.5, 'e3x': 180.0, 'e3y': 96.5, 'e4x': 180.0, 'e4y': 0.5, 'size': '48X96', 'type': 'Sheet', 'species': None, 'panelguid': 'f46fa82b-0bd5-4b6c-9e7a-cce56b3143fb', 'assembly_id': None, 'description': 'Sheathing', 'elementguid': '4fb60270-84a9-4b2b-9bc1-897be38e12f4', 'actual_width': 48.0, 'familymember': '40', 'materialdesc': '5/8" DensGlas', 'actual_thickness': 0.625},), ({'b1x': 180.0, 'b1y': 0.0, 'b2x': 180.0, 'b2y': 0.625, 'b3x': 228.0, 'b3y': 0.625, 'b4x': 228.0, 'b4y': 0.0, 'e1x': 180.0, 'e1y': 0.5, 'e2x': 180.0, 'e2y': 96.5, 'e3x': 228.0, 'e3y': 96.5, 'e4x': 228.0, 'e4y': 0.5, 'size': '48X96', 'type': 'Sheet', 'species': None, 'panelguid': 'f46fa82b-0bd5-4b6c-9e7a-cce56b3143fb', 'assembly_id': None, 'description': 'Sheathing', 'elementguid': 'd9deadcb-eb85-40fb-ba1c-a530e355b077', 'actual_width': 48.0, 'familymember': '40', 'materialdesc': '5/8" DensGlas', 'actual_thickness': 0.625},)]
INFO:root:Started
INFO:root:Started
INFO:root:results: [({'b1x': 36.0, 'b1y': 0.0, 'b2x': 36.0, 'b2y': 0.625, 'b3x': 84.0, 'b3y': 0.625, 'b4x': 84.0, 'b4y': 0.0, 'e1x': 36.0, 'e1y': 0.5, 'e2x': 36.0, 'e2y': 96.5, 'e3x': 84.0, 'e3y': 96.5, 'e4x': 84.0, 'e4y': 0.5, 'size': '48X96', 'type': 'Sheet', 'species': None, 'panelguid': 'f46fa82b-0bd5-4b6c-9e7a-cce56b3143fb', 'assembly_id': None, 'description': 'Sheathing', 'elementguid': 'fc7a333a-0f67-4b5c-bb0b-11d25b89d0cb', 'actual_width': 48.0, 'familymember': '40', 'materialdesc': '5/8" DensGlas', 'actual_thickness': 0.625},), ({'b1x': 84.0, 'b1y': 0.0, 'b2x': 84.0, 'b2y': 0.625, 'b3x': 132.0, 'b3y': 0.625, 'b4x': 132.0, 'b4y': 0.0, 'e1x': 84.0, 'e1y': 0.5, 'e2x': 84.0, 'e2y': 96.5, 'e3x': 132.0, 'e3y': 96.5, 'e4x': 132.0, 'e4y': 0.5, 'size': '48X96', 'type': 'Sheet', 'species': None, 'panelguid': 'f46fa82b-0bd5-4b6c-9e7a-cce56b3143fb', 'assembly_id': None, 'description': 'Sheathing', 'elementguid': 'f15a6174-d9a5-47d2-940d-2d36bbeffead', 'actual_width': 48.0, 'familymember': '40', 'materialdesc': '5/8" DensGlas', 'actual_thickness': 0.625},), ({'b1x': 132.0, 'b1y': 0.0, 'b2x': 132.0, 'b2y': 0.625, 'b3x': 180.0, 'b3y': 0.625, 'b4x': 180.0, 'b4y': 0.0, 'e1x': 132.0, 'e1y': 0.5, 'e2x': 132.0, 'e2y': 96.5, 'e3x': 180.0, 'e3y': 96.5, 'e4x': 180.0, 'e4y': 0.5, 'size': '48X96', 'type': 'Sheet', 'species': None, 'panelguid': 'f46fa82b-0bd5-4b6c-9e7a-cce56b3143fb', 'assembly_id': None, 'description': 'Sheathing', 'elementguid': '4fb60270-84a9-4b2b-9bc1-897be38e12f4', 'actual_width': 48.0, 'familymember': '40', 'materialdesc': '5/8" DensGlas', 'actual_thickness': 0.625},), ({'b1x': 180.0, 'b1y': 0.0, 'b2x': 180.0, 'b2y': 0.625, 'b3x': 228.0, 'b3y': 0.625, 'b4x': 228.0, 'b4y': 0.0, 'e1x': 180.0, 'e1y': 0.5, 'e2x': 180.0, 'e2y': 96.5, 'e3x': 228.0, 'e3y': 96.5, 'e4x': 228.0, 'e4y': 0.5, 'size': '48X96', 'type': 'Sheet', 'species': None, 'panelguid': 'f46fa82b-0bd5-4b6c-9e7a-cce56b3143fb', 'assembly_id': None, 'description': 'Sheathing', 'elementguid': 'd9deadcb-eb85-40fb-ba1c-a530e355b077', 'actual_width': 48.0, 'familymember': '40', 'materialdesc': '5/8" DensGlas', 'actual_thickness': 0.625},)]
INFO:root:Started
INFO:root:results: [({'b1x': 36.0, 'b1y': 0.0, 'b2x': 36.0, 'b2y': 0.625, 'b3x': 84.0, 'b3y': 0.625, 'b4x': 84.0, 'b4y': 0.0, 'e1x': 36.0, 'e1y': 0.5, 'e2x': 36.0, 'e2y': 96.5, 'e3x': 84.0, 'e3y': 96.5, 'e4x': 84.0, 'e4y': 0.5, 'size': '48X96', 'type': 'Sheet', 'species': None, 'panelguid': 'f46fa82b-0bd5-4b6c-9e7a-cce56b3143fb', 'assembly_id': None, 'description': 'Sheathing', 'elementguid': 'fc7a333a-0f67-4b5c-bb0b-11d25b89d0cb', 'actual_width': 48.0, 'familymember': '40', 'materialdesc': '5/8" DensGlas', 'actual_thickness': 0.625},), ({'b1x': 84.0, 'b1y': 0.0, 'b2x': 84.0, 'b2y': 0.625, 'b3x': 132.0, 'b3y': 0.625, 'b4x': 132.0, 'b4y': 0.0, 'e1x': 84.0, 'e1y': 0.5, 'e2x': 84.0, 'e2y': 96.5, 'e3x': 132.0, 'e3y': 96.5, 'e4x': 132.0, 'e4y': 0.5, 'size': '48X96', 'type': 'Sheet', 'species': None, 'panelguid': 'f46fa82b-0bd5-4b6c-9e7a-cce56b3143fb', 'assembly_id': None, 'description': 'Sheathing', 'elementguid': 'f15a6174-d9a5-47d2-940d-2d36bbeffead', 'actual_width': 48.0, 'familymember': '40', 'materialdesc': '5/8" DensGlas', 'actual_thickness': 0.625},), ({'b1x': 132.0, 'b1y': 0.0, 'b2x': 132.0, 'b2y': 0.625, 'b3x': 180.0, 'b3y': 0.625, 'b4x': 180.0, 'b4y': 0.0, 'e1x': 132.0, 'e1y': 0.5, 'e2x': 132.0, 'e2y': 96.5, 'e3x': 180.0, 'e3y': 96.5, 'e4x': 180.0, 'e4y': 0.5, 'size': '48X96', 'type': 'Sheet', 'species': None, 'panelguid': 'f46fa82b-0bd5-4b6c-9e7a-cce56b3143fb', 'assembly_id': None, 'description': 'Sheathing', 'elementguid': '4fb60270-84a9-4b2b-9bc1-897be38e12f4', 'actual_width': 48.0, 'familymember': '40', 'materialdesc': '5/8" DensGlas', 'actual_thickness': 0.625},), ({'b1x': 180.0, 'b1y': 0.0, 'b2x': 180.0, 'b2y': 0.625, 'b3x': 228.0, 'b3y': 0.625, 'b4x': 228.0, 'b4y': 0.0, 'e1x': 180.0, 'e1y': 0.5, 'e2x': 180.0, 'e2y': 96.5, 'e3x': 228.0, 'e3y': 96.5, 'e4x': 228.0, 'e4y': 0.5, 'size': '48X96', 'type': 'Sheet', 'species': None, 'panelguid': 'f46fa82b-0bd5-4b6c-9e7a-cce56b3143fb', 'assembly_id': None, 'description': 'Sheathing', 'elementguid': 'd9deadcb-eb85-40fb-ba1c-a530e355b077', 'actual_width': 48.0, 'familymember': '40', 'materialdesc': '5/8" DensGlas', 'actual_thickness': 0.625},)]
INFO:root:Started
INFO:root:Started
INFO:root:results: [({'b1x': 36.0, 'b1y': 0.0, 'b2x': 36.0, 'b2y': 0.625, 'b3x': 84.0, 'b3y': 0.625, 'b4x': 84.0, 'b4y': 0.0, 'e1x': 36.0, 'e1y': 0.5, 'e2x': 36.0, 'e2y': 96.5, 'e3x': 84.0, 'e3y': 96.5, 'e4x': 84.0, 'e4y': 0.5, 'size': '48X96', 'type': 'Sheet', 'species': None, 'panelguid': 'f46fa82b-0bd5-4b6c-9e7a-cce56b3143fb', 'assembly_id': None, 'description': 'Sheathing', 'elementguid': 'fc7a333a-0f67-4b5c-bb0b-11d25b89d0cb', 'actual_width': 48.0, 'familymember': '40', 'materialdesc': '5/8" DensGlas', 'actual_thickness': 0.625},), ({'b1x': 84.0, 'b1y': 0.0, 'b2x': 84.0, 'b2y': 0.625, 'b3x': 132.0, 'b3y': 0.625, 'b4x': 132.0, 'b4y': 0.0, 'e1x': 84.0, 'e1y': 0.5, 'e2x': 84.0, 'e2y': 96.5, 'e3x': 132.0, 'e3y': 96.5, 'e4x': 132.0, 'e4y': 0.5, 'size': '48X96', 'type': 'Sheet', 'species': None, 'panelguid': 'f46fa82b-0bd5-4b6c-9e7a-cce56b3143fb', 'assembly_id': None, 'description': 'Sheathing', 'elementguid': 'f15a6174-d9a5-47d2-940d-2d36bbeffead', 'actual_width': 48.0, 'familymember': '40', 'materialdesc': '5/8" DensGlas', 'actual_thickness': 0.625},), ({'b1x': 132.0, 'b1y': 0.0, 'b2x': 132.0, 'b2y': 0.625, 'b3x': 180.0, 'b3y': 0.625, 'b4x': 180.0, 'b4y': 0.0, 'e1x': 132.0, 'e1y': 0.5, 'e2x': 132.0, 'e2y': 96.5, 'e3x': 180.0, 'e3y': 96.5, 'e4x': 180.0, 'e4y': 0.5, 'size': '48X96', 'type': 'Sheet', 'species': None, 'panelguid': 'f46fa82b-0bd5-4b6c-9e7a-cce56b3143fb', 'assembly_id': None, 'description': 'Sheathing', 'elementguid': '4fb60270-84a9-4b2b-9bc1-897be38e12f4', 'actual_width': 48.0, 'familymember': '40', 'materialdesc': '5/8" DensGlas', 'actual_thickness': 0.625},), ({'b1x': 180.0, 'b1y': 0.0, 'b2x': 180.0, 'b2y': 0.625, 'b3x': 228.0, 'b3y': 0.625, 'b4x': 228.0, 'b4y': 0.0, 'e1x': 180.0, 'e1y': 0.5, 'e2x': 180.0, 'e2y': 96.5, 'e3x': 228.0, 'e3y': 96.5, 'e4x': 228.0, 'e4y': 0.5, 'size': '48X96', 'type': 'Sheet', 'species': None, 'panelguid': 'f46fa82b-0bd5-4b6c-9e7a-cce56b3143fb', 'assembly_id': None, 'description': 'Sheathing', 'elementguid': 'd9deadcb-eb85-40fb-ba1c-a530e355b077', 'actual_width': 48.0, 'familymember': '40', 'materialdesc': '5/8" DensGlas', 'actual_thickness': 0.625},)]
WARNING:root:Did not add fastening for memberf46fa82b-0bd5-4b6c-9e7a-cce56b3143fb__0497329d-15f8-45ef-807a-d5304031372e
INFO:root:Started
INFO:root:
                        SELECT thickness, studheight, walllength, category
                        FROM cad2fab.system_panels
                        WHERE panelguid = 'f46fa82b-0bd5-4b6c-9e7a-cce56b3143fb';
                        
INFO:root:Started
INFO:root:
                        SELECT thickness, studheight, walllength, category
                        FROM cad2fab.system_panels
                        WHERE panelguid = 'f46fa82b-0bd5-4b6c-9e7a-cce56b3143fb';
                        
INFO:root:Started
INFO:root:results: [({'b1x': 36.0, 'b1y': 0.0, 'b2x': 36.0, 'b2y': 0.625, 'b3x': 84.0, 'b3y': 0.625, 'b4x': 84.0, 'b4y': 0.0, 'e1x': 36.0, 'e1y': 0.5, 'e2x': 36.0, 'e2y': 96.5, 'e3x': 84.0, 'e3y': 96.5, 'e4x': 84.0, 'e4y': 0.5, 'size': '48X96', 'type': 'Sheet', 'species': None, 'panelguid': 'f46fa82b-0bd5-4b6c-9e7a-cce56b3143fb', 'assembly_id': None, 'description': 'Sheathing', 'elementguid': 'fc7a333a-0f67-4b5c-bb0b-11d25b89d0cb', 'actual_width': 48.0, 'familymember': '40', 'materialdesc': '5/8" DensGlas', 'actual_thickness': 0.625},), ({'b1x': 84.0, 'b1y': 0.0, 'b2x': 84.0, 'b2y': 0.625, 'b3x': 132.0, 'b3y': 0.625, 'b4x': 132.0, 'b4y': 0.0, 'e1x': 84.0, 'e1y': 0.5, 'e2x': 84.0, 'e2y': 96.5, 'e3x': 132.0, 'e3y': 96.5, 'e4x': 132.0, 'e4y': 0.5, 'size': '48X96', 'type': 'Sheet', 'species': None, 'panelguid': 'f46fa82b-0bd5-4b6c-9e7a-cce56b3143fb', 'assembly_id': None, 'description': 'Sheathing', 'elementguid': 'f15a6174-d9a5-47d2-940d-2d36bbeffead', 'actual_width': 48.0, 'familymember': '40', 'materialdesc': '5/8" DensGlas', 'actual_thickness': 0.625},), ({'b1x': 132.0, 'b1y': 0.0, 'b2x': 132.0, 'b2y': 0.625, 'b3x': 180.0, 'b3y': 0.625, 'b4x': 180.0, 'b4y': 0.0, 'e1x': 132.0, 'e1y': 0.5, 'e2x': 132.0, 'e2y': 96.5, 'e3x': 180.0, 'e3y': 96.5, 'e4x': 180.0, 'e4y': 0.5, 'size': '48X96', 'type': 'Sheet', 'species': None, 'panelguid': 'f46fa82b-0bd5-4b6c-9e7a-cce56b3143fb', 'assembly_id': None, 'description': 'Sheathing', 'elementguid': '4fb60270-84a9-4b2b-9bc1-897be38e12f4', 'actual_width': 48.0, 'familymember': '40', 'materialdesc': '5/8" DensGlas', 'actual_thickness': 0.625},), ({'b1x': 180.0, 'b1y': 0.0, 'b2x': 180.0, 'b2y': 0.625, 'b3x': 228.0, 'b3y': 0.625, 'b4x': 228.0, 'b4y': 0.0, 'e1x': 180.0, 'e1y': 0.5, 'e2x': 180.0, 'e2y': 96.5, 'e3x': 228.0, 'e3y': 96.5, 'e4x': 228.0, 'e4y': 0.5, 'size': '48X96', 'type': 'Sheet', 'species': None, 'panelguid': 'f46fa82b-0bd5-4b6c-9e7a-cce56b3143fb', 'assembly_id': None, 'description': 'Sheathing', 'elementguid': 'd9deadcb-eb85-40fb-ba1c-a530e355b077', 'actual_width': 48.0, 'familymember': '40', 'materialdesc': '5/8" DensGlas', 'actual_thickness': 0.625},)]
WARNING:root:Did not add fastening for memberf46fa82b-0bd5-4b6c-9e7a-cce56b3143fb__0497329d-15f8-45ef-807a-d5304031372e
INFO:root:Started
INFO:root:
                        SELECT thickness, studheight, walllength, category
                        FROM cad2fab.system_panels
                        WHERE panelguid = 'f46fa82b-0bd5-4b6c-9e7a-cce56b3143fb';
                        
INFO:root:Started
INFO:root:
                        SELECT thickness, studheight, walllength, category
                        FROM cad2fab.system_panels
                        WHERE panelguid = 'f46fa82b-0bd5-4b6c-9e7a-cce56b3143fb';
                        
INFO:root:Started
INFO:root:Started
INFO:root:results: [({'b1x': 36.0, 'b1y': 0.0, 'b2x': 36.0, 'b2y': 0.625, 'b3x': 84.0, 'b3y': 0.625, 'b4x': 84.0, 'b4y': 0.0, 'e1x': 36.0, 'e1y': 0.5, 'e2x': 36.0, 'e2y': 96.5, 'e3x': 84.0, 'e3y': 96.5, 'e4x': 84.0, 'e4y': 0.5, 'size': '48X96', 'type': 'Sheet', 'species': None, 'panelguid': 'f46fa82b-0bd5-4b6c-9e7a-cce56b3143fb', 'assembly_id': None, 'description': 'Sheathing', 'elementguid': 'fc7a333a-0f67-4b5c-bb0b-11d25b89d0cb', 'actual_width': 48.0, 'familymember': '40', 'materialdesc': '5/8" DensGlas', 'actual_thickness': 0.625},), ({'b1x': 84.0, 'b1y': 0.0, 'b2x': 84.0, 'b2y': 0.625, 'b3x': 132.0, 'b3y': 0.625, 'b4x': 132.0, 'b4y': 0.0, 'e1x': 84.0, 'e1y': 0.5, 'e2x': 84.0, 'e2y': 96.5, 'e3x': 132.0, 'e3y': 96.5, 'e4x': 132.0, 'e4y': 0.5, 'size': '48X96', 'type': 'Sheet', 'species': None, 'panelguid': 'f46fa82b-0bd5-4b6c-9e7a-cce56b3143fb', 'assembly_id': None, 'description': 'Sheathing', 'elementguid': 'f15a6174-d9a5-47d2-940d-2d36bbeffead', 'actual_width': 48.0, 'familymember': '40', 'materialdesc': '5/8" DensGlas', 'actual_thickness': 0.625},), ({'b1x': 132.0, 'b1y': 0.0, 'b2x': 132.0, 'b2y': 0.625, 'b3x': 180.0, 'b3y': 0.625, 'b4x': 180.0, 'b4y': 0.0, 'e1x': 132.0, 'e1y': 0.5, 'e2x': 132.0, 'e2y': 96.5, 'e3x': 180.0, 'e3y': 96.5, 'e4x': 180.0, 'e4y': 0.5, 'size': '48X96', 'type': 'Sheet', 'species': None, 'panelguid': 'f46fa82b-0bd5-4b6c-9e7a-cce56b3143fb', 'assembly_id': None, 'description': 'Sheathing', 'elementguid': '4fb60270-84a9-4b2b-9bc1-897be38e12f4', 'actual_width': 48.0, 'familymember': '40', 'materialdesc': '5/8" DensGlas', 'actual_thickness': 0.625},), ({'b1x': 180.0, 'b1y': 0.0, 'b2x': 180.0, 'b2y': 0.625, 'b3x': 228.0, 'b3y': 0.625, 'b4x': 228.0, 'b4y': 0.0, 'e1x': 180.0, 'e1y': 0.5, 'e2x': 180.0, 'e2y': 96.5, 'e3x': 228.0, 'e3y': 96.5, 'e4x': 228.0, 'e4y': 0.5, 'size': '48X96', 'type': 'Sheet', 'species': None, 'panelguid': 'f46fa82b-0bd5-4b6c-9e7a-cce56b3143fb', 'assembly_id': None, 'description': 'Sheathing', 'elementguid': 'd9deadcb-eb85-40fb-ba1c-a530e355b077', 'actual_width': 48.0, 'familymember': '40', 'materialdesc': '5/8" DensGlas', 'actual_thickness': 0.625},)]
WARNING:root:Did not add fastening for memberf46fa82b-0bd5-4b6c-9e7a-cce56b3143fb__0497329d-15f8-45ef-807a-d5304031372e
INFO:root:Started
INFO:root:Started
INFO:root:results: [({'b1x': 36.0, 'b1y': 0.0, 'b2x': 36.0, 'b2y': 0.625, 'b3x': 84.0, 'b3y': 0.625, 'b4x': 84.0, 'b4y': 0.0, 'e1x': 36.0, 'e1y': 0.5, 'e2x': 36.0, 'e2y': 96.5, 'e3x': 84.0, 'e3y': 96.5, 'e4x': 84.0, 'e4y': 0.5, 'size': '48X96', 'type': 'Sheet', 'species': None, 'panelguid': 'f46fa82b-0bd5-4b6c-9e7a-cce56b3143fb', 'assembly_id': None, 'description': 'Sheathing', 'elementguid': 'fc7a333a-0f67-4b5c-bb0b-11d25b89d0cb', 'actual_width': 48.0, 'familymember': '40', 'materialdesc': '5/8" DensGlas', 'actual_thickness': 0.625},), ({'b1x': 84.0, 'b1y': 0.0, 'b2x': 84.0, 'b2y': 0.625, 'b3x': 132.0, 'b3y': 0.625, 'b4x': 132.0, 'b4y': 0.0, 'e1x': 84.0, 'e1y': 0.5, 'e2x': 84.0, 'e2y': 96.5, 'e3x': 132.0, 'e3y': 96.5, 'e4x': 132.0, 'e4y': 0.5, 'size': '48X96', 'type': 'Sheet', 'species': None, 'panelguid': 'f46fa82b-0bd5-4b6c-9e7a-cce56b3143fb', 'assembly_id': None, 'description': 'Sheathing', 'elementguid': 'f15a6174-d9a5-47d2-940d-2d36bbeffead', 'actual_width': 48.0, 'familymember': '40', 'materialdesc': '5/8" DensGlas', 'actual_thickness': 0.625},), ({'b1x': 132.0, 'b1y': 0.0, 'b2x': 132.0, 'b2y': 0.625, 'b3x': 180.0, 'b3y': 0.625, 'b4x': 180.0, 'b4y': 0.0, 'e1x': 132.0, 'e1y': 0.5, 'e2x': 132.0, 'e2y': 96.5, 'e3x': 180.0, 'e3y': 96.5, 'e4x': 180.0, 'e4y': 0.5, 'size': '48X96', 'type': 'Sheet', 'species': None, 'panelguid': 'f46fa82b-0bd5-4b6c-9e7a-cce56b3143fb', 'assembly_id': None, 'description': 'Sheathing', 'elementguid': '4fb60270-84a9-4b2b-9bc1-897be38e12f4', 'actual_width': 48.0, 'familymember': '40', 'materialdesc': '5/8" DensGlas', 'actual_thickness': 0.625},), ({'b1x': 180.0, 'b1y': 0.0, 'b2x': 180.0, 'b2y': 0.625, 'b3x': 228.0, 'b3y': 0.625, 'b4x': 228.0, 'b4y': 0.0, 'e1x': 180.0, 'e1y': 0.5, 'e2x': 180.0, 'e2y': 96.5, 'e3x': 228.0, 'e3y': 96.5, 'e4x': 228.0, 'e4y': 0.5, 'size': '48X96', 'type': 'Sheet', 'species': None, 'panelguid': 'f46fa82b-0bd5-4b6c-9e7a-cce56b3143fb', 'assembly_id': None, 'description': 'Sheathing', 'elementguid': 'd9deadcb-eb85-40fb-ba1c-a530e355b077', 'actual_width': 48.0, 'familymember': '40', 'materialdesc': '5/8" DensGlas', 'actual_thickness': 0.625},)]
WARNING:root:Did not add fastening for memberf46fa82b-0bd5-4b6c-9e7a-cce56b3143fb__0497329d-15f8-45ef-807a-d5304031372e
INFO:root:
                            select to_jsonb(se) 
                            from cad2fab.system_elements se 
                            where panelguid = 'f46fa82b-0bd5-4b6c-9e7a-cce56b3143fb' 
                            and description not in ('Nog', 'Sheathing','VeryTopPlate','Rough cutout') 
                            and e1y < '59.05511811023622' 
                            and e2y > '0' 
                            and e1x < '180.0' 
                            and e4x > '132.0' 
                            and b2y = 0 
                            order by b3x  
                            
INFO:root:Started
INFO:root:Started
INFO:root:Started
INFO:root:results: [({'b1x': 36.0, 'b1y': 0.0, 'b2x': 36.0, 'b2y': 0.625, 'b3x': 84.0, 'b3y': 0.625, 'b4x': 84.0, 'b4y': 0.0, 'e1x': 36.0, 'e1y': 0.5, 'e2x': 36.0, 'e2y': 96.5, 'e3x': 84.0, 'e3y': 96.5, 'e4x': 84.0, 'e4y': 0.5, 'size': '48X96', 'type': 'Sheet', 'species': None, 'panelguid': 'f46fa82b-0bd5-4b6c-9e7a-cce56b3143fb', 'assembly_id': None, 'description': 'Sheathing', 'elementguid': 'fc7a333a-0f67-4b5c-bb0b-11d25b89d0cb', 'actual_width': 48.0, 'familymember': '40', 'materialdesc': '5/8" DensGlas', 'actual_thickness': 0.625},), ({'b1x': 84.0, 'b1y': 0.0, 'b2x': 84.0, 'b2y': 0.625, 'b3x': 132.0, 'b3y': 0.625, 'b4x': 132.0, 'b4y': 0.0, 'e1x': 84.0, 'e1y': 0.5, 'e2x': 84.0, 'e2y': 96.5, 'e3x': 132.0, 'e3y': 96.5, 'e4x': 132.0, 'e4y': 0.5, 'size': '48X96', 'type': 'Sheet', 'species': None, 'panelguid': 'f46fa82b-0bd5-4b6c-9e7a-cce56b3143fb', 'assembly_id': None, 'description': 'Sheathing', 'elementguid': 'f15a6174-d9a5-47d2-940d-2d36bbeffead', 'actual_width': 48.0, 'familymember': '40', 'materialdesc': '5/8" DensGlas', 'actual_thickness': 0.625},), ({'b1x': 132.0, 'b1y': 0.0, 'b2x': 132.0, 'b2y': 0.625, 'b3x': 180.0, 'b3y': 0.625, 'b4x': 180.0, 'b4y': 0.0, 'e1x': 132.0, 'e1y': 0.5, 'e2x': 132.0, 'e2y': 96.5, 'e3x': 180.0, 'e3y': 96.5, 'e4x': 180.0, 'e4y': 0.5, 'size': '48X96', 'type': 'Sheet', 'species': None, 'panelguid': 'f46fa82b-0bd5-4b6c-9e7a-cce56b3143fb', 'assembly_id': None, 'description': 'Sheathing', 'elementguid': '4fb60270-84a9-4b2b-9bc1-897be38e12f4', 'actual_width': 48.0, 'familymember': '40', 'materialdesc': '5/8" DensGlas', 'actual_thickness': 0.625},), ({'b1x': 180.0, 'b1y': 0.0, 'b2x': 180.0, 'b2y': 0.625, 'b3x': 228.0, 'b3y': 0.625, 'b4x': 228.0, 'b4y': 0.0, 'e1x': 180.0, 'e1y': 0.5, 'e2x': 180.0, 'e2y': 96.5, 'e3x': 228.0, 'e3y': 96.5, 'e4x': 228.0, 'e4y': 0.5, 'size': '48X96', 'type': 'Sheet', 'species': None, 'panelguid': 'f46fa82b-0bd5-4b6c-9e7a-cce56b3143fb', 'assembly_id': None, 'description': 'Sheathing', 'elementguid': 'd9deadcb-eb85-40fb-ba1c-a530e355b077', 'actual_width': 48.0, 'familymember': '40', 'materialdesc': '5/8" DensGlas', 'actual_thickness': 0.625},)]
WARNING:root:Did not add fastening for memberf46fa82b-0bd5-4b6c-9e7a-cce56b3143fb__0497329d-15f8-45ef-807a-d5304031372e
WARNING:root:Did not add fastening for memberf46fa82b-0bd5-4b6c-9e7a-cce56b3143fb__f770aea7-6587-4773-a045-fe3ae40f4a8d
INFO:root:no material is fastened with EC2
INFO:root:results: [({'b1x': 36.0, 'b1y': 0.0, 'b2x': 36.0, 'b2y': 0.625, 'b3x': 84.0, 'b3y': 0.625, 'b4x': 84.0, 'b4y': 0.0, 'e1x': 36.0, 'e1y': 0.5, 'e2x': 36.0, 'e2y': 96.5, 'e3x': 84.0, 'e3y': 96.5, 'e4x': 84.0, 'e4y': 0.5, 'size': '48X96', 'type': 'Sheet', 'species': None, 'panelguid': 'f46fa82b-0bd5-4b6c-9e7a-cce56b3143fb', 'assembly_id': None, 'description': 'Sheathing', 'elementguid': 'fc7a333a-0f67-4b5c-bb0b-11d25b89d0cb', 'actual_width': 48.0, 'familymember': '40', 'materialdesc': '5/8" DensGlas', 'actual_thickness': 0.625},), ({'b1x': 84.0, 'b1y': 0.0, 'b2x': 84.0, 'b2y': 0.625, 'b3x': 132.0, 'b3y': 0.625, 'b4x': 132.0, 'b4y': 0.0, 'e1x': 84.0, 'e1y': 0.5, 'e2x': 84.0, 'e2y': 96.5, 'e3x': 132.0, 'e3y': 96.5, 'e4x': 132.0, 'e4y': 0.5, 'size': '48X96', 'type': 'Sheet', 'species': None, 'panelguid': 'f46fa82b-0bd5-4b6c-9e7a-cce56b3143fb', 'assembly_id': None, 'description': 'Sheathing', 'elementguid': 'f15a6174-d9a5-47d2-940d-2d36bbeffead', 'actual_width': 48.0, 'familymember': '40', 'materialdesc': '5/8" DensGlas', 'actual_thickness': 0.625},), ({'b1x': 132.0, 'b1y': 0.0, 'b2x': 132.0, 'b2y': 0.625, 'b3x': 180.0, 'b3y': 0.625, 'b4x': 180.0, 'b4y': 0.0, 'e1x': 132.0, 'e1y': 0.5, 'e2x': 132.0, 'e2y': 96.5, 'e3x': 180.0, 'e3y': 96.5, 'e4x': 180.0, 'e4y': 0.5, 'size': '48X96', 'type': 'Sheet', 'species': None, 'panelguid': 'f46fa82b-0bd5-4b6c-9e7a-cce56b3143fb', 'assembly_id': None, 'description': 'Sheathing', 'elementguid': '4fb60270-84a9-4b2b-9bc1-897be38e12f4', 'actual_width': 48.0, 'familymember': '40', 'materialdesc': '5/8" DensGlas', 'actual_thickness': 0.625},), ({'b1x': 180.0, 'b1y': 0.0, 'b2x': 180.0, 'b2y': 0.625, 'b3x': 228.0, 'b3y': 0.625, 'b4x': 228.0, 'b4y': 0.0, 'e1x': 180.0, 'e1y': 0.5, 'e2x': 180.0, 'e2y': 96.5, 'e3x': 228.0, 'e3y': 96.5, 'e4x': 228.0, 'e4y': 0.5, 'size': '48X96', 'type': 'Sheet', 'species': None, 'panelguid': 'f46fa82b-0bd5-4b6c-9e7a-cce56b3143fb', 'assembly_id': None, 'description': 'Sheathing', 'elementguid': 'd9deadcb-eb85-40fb-ba1c-a530e355b077', 'actual_width': 48.0, 'familymember': '40', 'materialdesc': '5/8" DensGlas', 'actual_thickness': 0.625},)]
WARNING:root:Did not add fastening for memberf46fa82b-0bd5-4b6c-9e7a-cce56b3143fb__0497329d-15f8-45ef-807a-d5304031372e
WARNING:root:Did not add fastening for memberf46fa82b-0bd5-4b6c-9e7a-cce56b3143fb__f770aea7-6587-4773-a045-fe3ae40f4a8d
INFO:root:no material is placed with EC3
INFO:root:Started
INFO:root:Started
INFO:root:results: [({'b1x': 36.0, 'b1y': 0.0, 'b2x': 36.0, 'b2y': 0.625, 'b3x': 84.0, 'b3y': 0.625, 'b4x': 84.0, 'b4y': 0.0, 'e1x': 36.0, 'e1y': 0.5, 'e2x': 36.0, 'e2y': 96.5, 'e3x': 84.0, 'e3y': 96.5, 'e4x': 84.0, 'e4y': 0.5, 'size': '48X96', 'type': 'Sheet', 'species': None, 'panelguid': 'f46fa82b-0bd5-4b6c-9e7a-cce56b3143fb', 'assembly_id': None, 'description': 'Sheathing', 'elementguid': 'fc7a333a-0f67-4b5c-bb0b-11d25b89d0cb', 'actual_width': 48.0, 'familymember': '40', 'materialdesc': '5/8" DensGlas', 'actual_thickness': 0.625},), ({'b1x': 84.0, 'b1y': 0.0, 'b2x': 84.0, 'b2y': 0.625, 'b3x': 132.0, 'b3y': 0.625, 'b4x': 132.0, 'b4y': 0.0, 'e1x': 84.0, 'e1y': 0.5, 'e2x': 84.0, 'e2y': 96.5, 'e3x': 132.0, 'e3y': 96.5, 'e4x': 132.0, 'e4y': 0.5, 'size': '48X96', 'type': 'Sheet', 'species': None, 'panelguid': 'f46fa82b-0bd5-4b6c-9e7a-cce56b3143fb', 'assembly_id': None, 'description': 'Sheathing', 'elementguid': 'f15a6174-d9a5-47d2-940d-2d36bbeffead', 'actual_width': 48.0, 'familymember': '40', 'materialdesc': '5/8" DensGlas', 'actual_thickness': 0.625},), ({'b1x': 132.0, 'b1y': 0.0, 'b2x': 132.0, 'b2y': 0.625, 'b3x': 180.0, 'b3y': 0.625, 'b4x': 180.0, 'b4y': 0.0, 'e1x': 132.0, 'e1y': 0.5, 'e2x': 132.0, 'e2y': 96.5, 'e3x': 180.0, 'e3y': 96.5, 'e4x': 180.0, 'e4y': 0.5, 'size': '48X96', 'type': 'Sheet', 'species': None, 'panelguid': 'f46fa82b-0bd5-4b6c-9e7a-cce56b3143fb', 'assembly_id': None, 'description': 'Sheathing', 'elementguid': '4fb60270-84a9-4b2b-9bc1-897be38e12f4', 'actual_width': 48.0, 'familymember': '40', 'materialdesc': '5/8" DensGlas', 'actual_thickness': 0.625},), ({'b1x': 180.0, 'b1y': 0.0, 'b2x': 180.0, 'b2y': 0.625, 'b3x': 228.0, 'b3y': 0.625, 'b4x': 228.0, 'b4y': 0.0, 'e1x': 180.0, 'e1y': 0.5, 'e2x': 180.0, 'e2y': 96.5, 'e3x': 228.0, 'e3y': 96.5, 'e4x': 228.0, 'e4y': 0.5, 'size': '48X96', 'type': 'Sheet', 'species': None, 'panelguid': 'f46fa82b-0bd5-4b6c-9e7a-cce56b3143fb', 'assembly_id': None, 'description': 'Sheathing', 'elementguid': 'd9deadcb-eb85-40fb-ba1c-a530e355b077', 'actual_width': 48.0, 'familymember': '40', 'materialdesc': '5/8" DensGlas', 'actual_thickness': 0.625},)]
WARNING:root:Did not add fastening for memberf46fa82b-0bd5-4b6c-9e7a-cce56b3143fb__0497329d-15f8-45ef-807a-d5304031372e
WARNING:root:Did not add fastening for memberf46fa82b-0bd5-4b6c-9e7a-cce56b3143fb__f770aea7-6587-4773-a045-fe3ae40f4a8d
INFO:root:no material is fastened with EC2
INFO:root:results: [({'b1x': 36.0, 'b1y': 0.0, 'b2x': 36.0, 'b2y': 0.625, 'b3x': 84.0, 'b3y': 0.625, 'b4x': 84.0, 'b4y': 0.0, 'e1x': 36.0, 'e1y': 0.5, 'e2x': 36.0, 'e2y': 96.5, 'e3x': 84.0, 'e3y': 96.5, 'e4x': 84.0, 'e4y': 0.5, 'size': '48X96', 'type': 'Sheet', 'species': None, 'panelguid': 'f46fa82b-0bd5-4b6c-9e7a-cce56b3143fb', 'assembly_id': None, 'description': 'Sheathing', 'elementguid': 'fc7a333a-0f67-4b5c-bb0b-11d25b89d0cb', 'actual_width': 48.0, 'familymember': '40', 'materialdesc': '5/8" DensGlas', 'actual_thickness': 0.625},), ({'b1x': 84.0, 'b1y': 0.0, 'b2x': 84.0, 'b2y': 0.625, 'b3x': 132.0, 'b3y': 0.625, 'b4x': 132.0, 'b4y': 0.0, 'e1x': 84.0, 'e1y': 0.5, 'e2x': 84.0, 'e2y': 96.5, 'e3x': 132.0, 'e3y': 96.5, 'e4x': 132.0, 'e4y': 0.5, 'size': '48X96', 'type': 'Sheet', 'species': None, 'panelguid': 'f46fa82b-0bd5-4b6c-9e7a-cce56b3143fb', 'assembly_id': None, 'description': 'Sheathing', 'elementguid': 'f15a6174-d9a5-47d2-940d-2d36bbeffead', 'actual_width': 48.0, 'familymember': '40', 'materialdesc': '5/8" DensGlas', 'actual_thickness': 0.625},), ({'b1x': 132.0, 'b1y': 0.0, 'b2x': 132.0, 'b2y': 0.625, 'b3x': 180.0, 'b3y': 0.625, 'b4x': 180.0, 'b4y': 0.0, 'e1x': 132.0, 'e1y': 0.5, 'e2x': 132.0, 'e2y': 96.5, 'e3x': 180.0, 'e3y': 96.5, 'e4x': 180.0, 'e4y': 0.5, 'size': '48X96', 'type': 'Sheet', 'species': None, 'panelguid': 'f46fa82b-0bd5-4b6c-9e7a-cce56b3143fb', 'assembly_id': None, 'description': 'Sheathing', 'elementguid': '4fb60270-84a9-4b2b-9bc1-897be38e12f4', 'actual_width': 48.0, 'familymember': '40', 'materialdesc': '5/8" DensGlas', 'actual_thickness': 0.625},), ({'b1x': 180.0, 'b1y': 0.0, 'b2x': 180.0, 'b2y': 0.625, 'b3x': 228.0, 'b3y': 0.625, 'b4x': 228.0, 'b4y': 0.0, 'e1x': 180.0, 'e1y': 0.5, 'e2x': 180.0, 'e2y': 96.5, 'e3x': 228.0, 'e3y': 96.5, 'e4x': 228.0, 'e4y': 0.5, 'size': '48X96', 'type': 'Sheet', 'species': None, 'panelguid': 'f46fa82b-0bd5-4b6c-9e7a-cce56b3143fb', 'assembly_id': None, 'description': 'Sheathing', 'elementguid': 'd9deadcb-eb85-40fb-ba1c-a530e355b077', 'actual_width': 48.0, 'familymember': '40', 'materialdesc': '5/8" DensGlas', 'actual_thickness': 0.625},)]
WARNING:root:Did not add fastening for memberf46fa82b-0bd5-4b6c-9e7a-cce56b3143fb__0497329d-15f8-45ef-807a-d5304031372e
WARNING:root:Did not add fastening for memberf46fa82b-0bd5-4b6c-9e7a-cce56b3143fb__f770aea7-6587-4773-a045-fe3ae40f4a8d
INFO:root:Started
INFO:root:results: [({'b1x': 36.0, 'b1y': 0.0, 'b2x': 36.0, 'b2y': 0.625, 'b3x': 84.0, 'b3y': 0.625, 'b4x': 84.0, 'b4y': 0.0, 'e1x': 36.0, 'e1y': 0.5, 'e2x': 36.0, 'e2y': 96.5, 'e3x': 84.0, 'e3y': 96.5, 'e4x': 84.0, 'e4y': 0.5, 'size': '48X96', 'type': 'Sheet', 'species': None, 'panelguid': 'f46fa82b-0bd5-4b6c-9e7a-cce56b3143fb', 'assembly_id': None, 'description': 'Sheathing', 'elementguid': 'fc7a333a-0f67-4b5c-bb0b-11d25b89d0cb', 'actual_width': 48.0, 'familymember': '40', 'materialdesc': '5/8" DensGlas', 'actual_thickness': 0.625},), ({'b1x': 84.0, 'b1y': 0.0, 'b2x': 84.0, 'b2y': 0.625, 'b3x': 132.0, 'b3y': 0.625, 'b4x': 132.0, 'b4y': 0.0, 'e1x': 84.0, 'e1y': 0.5, 'e2x': 84.0, 'e2y': 96.5, 'e3x': 132.0, 'e3y': 96.5, 'e4x': 132.0, 'e4y': 0.5, 'size': '48X96', 'type': 'Sheet', 'species': None, 'panelguid': 'f46fa82b-0bd5-4b6c-9e7a-cce56b3143fb', 'assembly_id': None, 'description': 'Sheathing', 'elementguid': 'f15a6174-d9a5-47d2-940d-2d36bbeffead', 'actual_width': 48.0, 'familymember': '40', 'materialdesc': '5/8" DensGlas', 'actual_thickness': 0.625},), ({'b1x': 132.0, 'b1y': 0.0, 'b2x': 132.0, 'b2y': 0.625, 'b3x': 180.0, 'b3y': 0.625, 'b4x': 180.0, 'b4y': 0.0, 'e1x': 132.0, 'e1y': 0.5, 'e2x': 132.0, 'e2y': 96.5, 'e3x': 180.0, 'e3y': 96.5, 'e4x': 180.0, 'e4y': 0.5, 'size': '48X96', 'type': 'Sheet', 'species': None, 'panelguid': 'f46fa82b-0bd5-4b6c-9e7a-cce56b3143fb', 'assembly_id': None, 'description': 'Sheathing', 'elementguid': '4fb60270-84a9-4b2b-9bc1-897be38e12f4', 'actual_width': 48.0, 'familymember': '40', 'materialdesc': '5/8" DensGlas', 'actual_thickness': 0.625},), ({'b1x': 180.0, 'b1y': 0.0, 'b2x': 180.0, 'b2y': 0.625, 'b3x': 228.0, 'b3y': 0.625, 'b4x': 228.0, 'b4y': 0.0, 'e1x': 180.0, 'e1y': 0.5, 'e2x': 180.0, 'e2y': 96.5, 'e3x': 228.0, 'e3y': 96.5, 'e4x': 228.0, 'e4y': 0.5, 'size': '48X96', 'type': 'Sheet', 'species': None, 'panelguid': 'f46fa82b-0bd5-4b6c-9e7a-cce56b3143fb', 'assembly_id': None, 'description': 'Sheathing', 'elementguid': 'd9deadcb-eb85-40fb-ba1c-a530e355b077', 'actual_width': 48.0, 'familymember': '40', 'materialdesc': '5/8" DensGlas', 'actual_thickness': 0.625},)]
WARNING:root:Did not add fastening for memberf46fa82b-0bd5-4b6c-9e7a-cce56b3143fb__0497329d-15f8-45ef-807a-d5304031372e
WARNING:root:Did not add fastening for memberf46fa82b-0bd5-4b6c-9e7a-cce56b3143fb__f770aea7-6587-4773-a045-fe3ae40f4a8d
INFO:root:no material is fastened with EC2
INFO:root:results: [({'b1x': 36.0, 'b1y': 0.0, 'b2x': 36.0, 'b2y': 0.625, 'b3x': 84.0, 'b3y': 0.625, 'b4x': 84.0, 'b4y': 0.0, 'e1x': 36.0, 'e1y': 0.5, 'e2x': 36.0, 'e2y': 96.5, 'e3x': 84.0, 'e3y': 96.5, 'e4x': 84.0, 'e4y': 0.5, 'size': '48X96', 'type': 'Sheet', 'species': None, 'panelguid': 'f46fa82b-0bd5-4b6c-9e7a-cce56b3143fb', 'assembly_id': None, 'description': 'Sheathing', 'elementguid': 'fc7a333a-0f67-4b5c-bb0b-11d25b89d0cb', 'actual_width': 48.0, 'familymember': '40', 'materialdesc': '5/8" DensGlas', 'actual_thickness': 0.625},), ({'b1x': 84.0, 'b1y': 0.0, 'b2x': 84.0, 'b2y': 0.625, 'b3x': 132.0, 'b3y': 0.625, 'b4x': 132.0, 'b4y': 0.0, 'e1x': 84.0, 'e1y': 0.5, 'e2x': 84.0, 'e2y': 96.5, 'e3x': 132.0, 'e3y': 96.5, 'e4x': 132.0, 'e4y': 0.5, 'size': '48X96', 'type': 'Sheet', 'species': None, 'panelguid': 'f46fa82b-0bd5-4b6c-9e7a-cce56b3143fb', 'assembly_id': None, 'description': 'Sheathing', 'elementguid': 'f15a6174-d9a5-47d2-940d-2d36bbeffead', 'actual_width': 48.0, 'familymember': '40', 'materialdesc': '5/8" DensGlas', 'actual_thickness': 0.625},), ({'b1x': 132.0, 'b1y': 0.0, 'b2x': 132.0, 'b2y': 0.625, 'b3x': 180.0, 'b3y': 0.625, 'b4x': 180.0, 'b4y': 0.0, 'e1x': 132.0, 'e1y': 0.5, 'e2x': 132.0, 'e2y': 96.5, 'e3x': 180.0, 'e3y': 96.5, 'e4x': 180.0, 'e4y': 0.5, 'size': '48X96', 'type': 'Sheet', 'species': None, 'panelguid': 'f46fa82b-0bd5-4b6c-9e7a-cce56b3143fb', 'assembly_id': None, 'description': 'Sheathing', 'elementguid': '4fb60270-84a9-4b2b-9bc1-897be38e12f4', 'actual_width': 48.0, 'familymember': '40', 'materialdesc': '5/8" DensGlas', 'actual_thickness': 0.625},), ({'b1x': 180.0, 'b1y': 0.0, 'b2x': 180.0, 'b2y': 0.625, 'b3x': 228.0, 'b3y': 0.625, 'b4x': 228.0, 'b4y': 0.0, 'e1x': 180.0, 'e1y': 0.5, 'e2x': 180.0, 'e2y': 96.5, 'e3x': 228.0, 'e3y': 96.5, 'e4x': 228.0, 'e4y': 0.5, 'size': '48X96', 'type': 'Sheet', 'species': None, 'panelguid': 'f46fa82b-0bd5-4b6c-9e7a-cce56b3143fb', 'assembly_id': None, 'description': 'Sheathing', 'elementguid': 'd9deadcb-eb85-40fb-ba1c-a530e355b077', 'actual_width': 48.0, 'familymember': '40', 'materialdesc': '5/8" DensGlas', 'actual_thickness': 0.625},)]
WARNING:root:Did not add fastening for memberf46fa82b-0bd5-4b6c-9e7a-cce56b3143fb__0497329d-15f8-45ef-807a-d5304031372e
WARNING:root:Did not add fastening for memberf46fa82b-0bd5-4b6c-9e7a-cce56b3143fb__f770aea7-6587-4773-a045-fe3ae40f4a8d
INFO:root:Started
INFO:root:results: [({'b1x': 36.0, 'b1y': 0.0, 'b2x': 36.0, 'b2y': 0.625, 'b3x': 84.0, 'b3y': 0.625, 'b4x': 84.0, 'b4y': 0.0, 'e1x': 36.0, 'e1y': 0.5, 'e2x': 36.0, 'e2y': 96.5, 'e3x': 84.0, 'e3y': 96.5, 'e4x': 84.0, 'e4y': 0.5, 'size': '48X96', 'type': 'Sheet', 'species': None, 'panelguid': 'f46fa82b-0bd5-4b6c-9e7a-cce56b3143fb', 'assembly_id': None, 'description': 'Sheathing', 'elementguid': 'fc7a333a-0f67-4b5c-bb0b-11d25b89d0cb', 'actual_width': 48.0, 'familymember': '40', 'materialdesc': '5/8" DensGlas', 'actual_thickness': 0.625},), ({'b1x': 84.0, 'b1y': 0.0, 'b2x': 84.0, 'b2y': 0.625, 'b3x': 132.0, 'b3y': 0.625, 'b4x': 132.0, 'b4y': 0.0, 'e1x': 84.0, 'e1y': 0.5, 'e2x': 84.0, 'e2y': 96.5, 'e3x': 132.0, 'e3y': 96.5, 'e4x': 132.0, 'e4y': 0.5, 'size': '48X96', 'type': 'Sheet', 'species': None, 'panelguid': 'f46fa82b-0bd5-4b6c-9e7a-cce56b3143fb', 'assembly_id': None, 'description': 'Sheathing', 'elementguid': 'f15a6174-d9a5-47d2-940d-2d36bbeffead', 'actual_width': 48.0, 'familymember': '40', 'materialdesc': '5/8" DensGlas', 'actual_thickness': 0.625},), ({'b1x': 132.0, 'b1y': 0.0, 'b2x': 132.0, 'b2y': 0.625, 'b3x': 180.0, 'b3y': 0.625, 'b4x': 180.0, 'b4y': 0.0, 'e1x': 132.0, 'e1y': 0.5, 'e2x': 132.0, 'e2y': 96.5, 'e3x': 180.0, 'e3y': 96.5, 'e4x': 180.0, 'e4y': 0.5, 'size': '48X96', 'type': 'Sheet', 'species': None, 'panelguid': 'f46fa82b-0bd5-4b6c-9e7a-cce56b3143fb', 'assembly_id': None, 'description': 'Sheathing', 'elementguid': '4fb60270-84a9-4b2b-9bc1-897be38e12f4', 'actual_width': 48.0, 'familymember': '40', 'materialdesc': '5/8" DensGlas', 'actual_thickness': 0.625},), ({'b1x': 180.0, 'b1y': 0.0, 'b2x': 180.0, 'b2y': 0.625, 'b3x': 228.0, 'b3y': 0.625, 'b4x': 228.0, 'b4y': 0.0, 'e1x': 180.0, 'e1y': 0.5, 'e2x': 180.0, 'e2y': 96.5, 'e3x': 228.0, 'e3y': 96.5, 'e4x': 228.0, 'e4y': 0.5, 'size': '48X96', 'type': 'Sheet', 'species': None, 'panelguid': 'f46fa82b-0bd5-4b6c-9e7a-cce56b3143fb', 'assembly_id': None, 'description': 'Sheathing', 'elementguid': 'd9deadcb-eb85-40fb-ba1c-a530e355b077', 'actual_width': 48.0, 'familymember': '40', 'materialdesc': '5/8" DensGlas', 'actual_thickness': 0.625},)]
WARNING:root:Did not add fastening for memberf46fa82b-0bd5-4b6c-9e7a-cce56b3143fb__0497329d-15f8-45ef-807a-d5304031372e
WARNING:root:Did not add fastening for memberf46fa82b-0bd5-4b6c-9e7a-cce56b3143fb__f770aea7-6587-4773-a045-fe3ae40f4a8d
INFO:root:no material is fastened with EC2
INFO:root:results: [({'b1x': 36.0, 'b1y': 0.0, 'b2x': 36.0, 'b2y': 0.625, 'b3x': 84.0, 'b3y': 0.625, 'b4x': 84.0, 'b4y': 0.0, 'e1x': 36.0, 'e1y': 0.5, 'e2x': 36.0, 'e2y': 96.5, 'e3x': 84.0, 'e3y': 96.5, 'e4x': 84.0, 'e4y': 0.5, 'size': '48X96', 'type': 'Sheet', 'species': None, 'panelguid': 'f46fa82b-0bd5-4b6c-9e7a-cce56b3143fb', 'assembly_id': None, 'description': 'Sheathing', 'elementguid': 'fc7a333a-0f67-4b5c-bb0b-11d25b89d0cb', 'actual_width': 48.0, 'familymember': '40', 'materialdesc': '5/8" DensGlas', 'actual_thickness': 0.625},), ({'b1x': 84.0, 'b1y': 0.0, 'b2x': 84.0, 'b2y': 0.625, 'b3x': 132.0, 'b3y': 0.625, 'b4x': 132.0, 'b4y': 0.0, 'e1x': 84.0, 'e1y': 0.5, 'e2x': 84.0, 'e2y': 96.5, 'e3x': 132.0, 'e3y': 96.5, 'e4x': 132.0, 'e4y': 0.5, 'size': '48X96', 'type': 'Sheet', 'species': None, 'panelguid': 'f46fa82b-0bd5-4b6c-9e7a-cce56b3143fb', 'assembly_id': None, 'description': 'Sheathing', 'elementguid': 'f15a6174-d9a5-47d2-940d-2d36bbeffead', 'actual_width': 48.0, 'familymember': '40', 'materialdesc': '5/8" DensGlas', 'actual_thickness': 0.625},), ({'b1x': 132.0, 'b1y': 0.0, 'b2x': 132.0, 'b2y': 0.625, 'b3x': 180.0, 'b3y': 0.625, 'b4x': 180.0, 'b4y': 0.0, 'e1x': 132.0, 'e1y': 0.5, 'e2x': 132.0, 'e2y': 96.5, 'e3x': 180.0, 'e3y': 96.5, 'e4x': 180.0, 'e4y': 0.5, 'size': '48X96', 'type': 'Sheet', 'species': None, 'panelguid': 'f46fa82b-0bd5-4b6c-9e7a-cce56b3143fb', 'assembly_id': None, 'description': 'Sheathing', 'elementguid': '4fb60270-84a9-4b2b-9bc1-897be38e12f4', 'actual_width': 48.0, 'familymember': '40', 'materialdesc': '5/8" DensGlas', 'actual_thickness': 0.625},), ({'b1x': 180.0, 'b1y': 0.0, 'b2x': 180.0, 'b2y': 0.625, 'b3x': 228.0, 'b3y': 0.625, 'b4x': 228.0, 'b4y': 0.0, 'e1x': 180.0, 'e1y': 0.5, 'e2x': 180.0, 'e2y': 96.5, 'e3x': 228.0, 'e3y': 96.5, 'e4x': 228.0, 'e4y': 0.5, 'size': '48X96', 'type': 'Sheet', 'species': None, 'panelguid': 'f46fa82b-0bd5-4b6c-9e7a-cce56b3143fb', 'assembly_id': None, 'description': 'Sheathing', 'elementguid': 'd9deadcb-eb85-40fb-ba1c-a530e355b077', 'actual_width': 48.0, 'familymember': '40', 'materialdesc': '5/8" DensGlas', 'actual_thickness': 0.625},)]
WARNING:root:Did not add fastening for memberf46fa82b-0bd5-4b6c-9e7a-cce56b3143fb__0497329d-15f8-45ef-807a-d5304031372e
WARNING:root:Did not add fastening for memberf46fa82b-0bd5-4b6c-9e7a-cce56b3143fb__f770aea7-6587-4773-a045-fe3ae40f4a8d
INFO:root:Started
INFO:root:results: [({'b1x': 36.0, 'b1y': 0.0, 'b2x': 36.0, 'b2y': 0.625, 'b3x': 84.0, 'b3y': 0.625, 'b4x': 84.0, 'b4y': 0.0, 'e1x': 36.0, 'e1y': 0.5, 'e2x': 36.0, 'e2y': 96.5, 'e3x': 84.0, 'e3y': 96.5, 'e4x': 84.0, 'e4y': 0.5, 'size': '48X96', 'type': 'Sheet', 'species': None, 'panelguid': 'f46fa82b-0bd5-4b6c-9e7a-cce56b3143fb', 'assembly_id': None, 'description': 'Sheathing', 'elementguid': 'fc7a333a-0f67-4b5c-bb0b-11d25b89d0cb', 'actual_width': 48.0, 'familymember': '40', 'materialdesc': '5/8" DensGlas', 'actual_thickness': 0.625},), ({'b1x': 84.0, 'b1y': 0.0, 'b2x': 84.0, 'b2y': 0.625, 'b3x': 132.0, 'b3y': 0.625, 'b4x': 132.0, 'b4y': 0.0, 'e1x': 84.0, 'e1y': 0.5, 'e2x': 84.0, 'e2y': 96.5, 'e3x': 132.0, 'e3y': 96.5, 'e4x': 132.0, 'e4y': 0.5, 'size': '48X96', 'type': 'Sheet', 'species': None, 'panelguid': 'f46fa82b-0bd5-4b6c-9e7a-cce56b3143fb', 'assembly_id': None, 'description': 'Sheathing', 'elementguid': 'f15a6174-d9a5-47d2-940d-2d36bbeffead', 'actual_width': 48.0, 'familymember': '40', 'materialdesc': '5/8" DensGlas', 'actual_thickness': 0.625},), ({'b1x': 132.0, 'b1y': 0.0, 'b2x': 132.0, 'b2y': 0.625, 'b3x': 180.0, 'b3y': 0.625, 'b4x': 180.0, 'b4y': 0.0, 'e1x': 132.0, 'e1y': 0.5, 'e2x': 132.0, 'e2y': 96.5, 'e3x': 180.0, 'e3y': 96.5, 'e4x': 180.0, 'e4y': 0.5, 'size': '48X96', 'type': 'Sheet', 'species': None, 'panelguid': 'f46fa82b-0bd5-4b6c-9e7a-cce56b3143fb', 'assembly_id': None, 'description': 'Sheathing', 'elementguid': '4fb60270-84a9-4b2b-9bc1-897be38e12f4', 'actual_width': 48.0, 'familymember': '40', 'materialdesc': '5/8" DensGlas', 'actual_thickness': 0.625},), ({'b1x': 180.0, 'b1y': 0.0, 'b2x': 180.0, 'b2y': 0.625, 'b3x': 228.0, 'b3y': 0.625, 'b4x': 228.0, 'b4y': 0.0, 'e1x': 180.0, 'e1y': 0.5, 'e2x': 180.0, 'e2y': 96.5, 'e3x': 228.0, 'e3y': 96.5, 'e4x': 228.0, 'e4y': 0.5, 'size': '48X96', 'type': 'Sheet', 'species': None, 'panelguid': 'f46fa82b-0bd5-4b6c-9e7a-cce56b3143fb', 'assembly_id': None, 'description': 'Sheathing', 'elementguid': 'd9deadcb-eb85-40fb-ba1c-a530e355b077', 'actual_width': 48.0, 'familymember': '40', 'materialdesc': '5/8" DensGlas', 'actual_thickness': 0.625},)]
WARNING:root:Did not add fastening for memberf46fa82b-0bd5-4b6c-9e7a-cce56b3143fb__0497329d-15f8-45ef-807a-d5304031372e
WARNING:root:Did not add fastening for memberf46fa82b-0bd5-4b6c-9e7a-cce56b3143fb__f770aea7-6587-4773-a045-fe3ae40f4a8d
INFO:root:no material is fastened with EC2
INFO:root:results: [({'b1x': 36.0, 'b1y': 0.0, 'b2x': 36.0, 'b2y': 0.625, 'b3x': 84.0, 'b3y': 0.625, 'b4x': 84.0, 'b4y': 0.0, 'e1x': 36.0, 'e1y': 0.5, 'e2x': 36.0, 'e2y': 96.5, 'e3x': 84.0, 'e3y': 96.5, 'e4x': 84.0, 'e4y': 0.5, 'size': '48X96', 'type': 'Sheet', 'species': None, 'panelguid': 'f46fa82b-0bd5-4b6c-9e7a-cce56b3143fb', 'assembly_id': None, 'description': 'Sheathing', 'elementguid': 'fc7a333a-0f67-4b5c-bb0b-11d25b89d0cb', 'actual_width': 48.0, 'familymember': '40', 'materialdesc': '5/8" DensGlas', 'actual_thickness': 0.625},), ({'b1x': 84.0, 'b1y': 0.0, 'b2x': 84.0, 'b2y': 0.625, 'b3x': 132.0, 'b3y': 0.625, 'b4x': 132.0, 'b4y': 0.0, 'e1x': 84.0, 'e1y': 0.5, 'e2x': 84.0, 'e2y': 96.5, 'e3x': 132.0, 'e3y': 96.5, 'e4x': 132.0, 'e4y': 0.5, 'size': '48X96', 'type': 'Sheet', 'species': None, 'panelguid': 'f46fa82b-0bd5-4b6c-9e7a-cce56b3143fb', 'assembly_id': None, 'description': 'Sheathing', 'elementguid': 'f15a6174-d9a5-47d2-940d-2d36bbeffead', 'actual_width': 48.0, 'familymember': '40', 'materialdesc': '5/8" DensGlas', 'actual_thickness': 0.625},), ({'b1x': 132.0, 'b1y': 0.0, 'b2x': 132.0, 'b2y': 0.625, 'b3x': 180.0, 'b3y': 0.625, 'b4x': 180.0, 'b4y': 0.0, 'e1x': 132.0, 'e1y': 0.5, 'e2x': 132.0, 'e2y': 96.5, 'e3x': 180.0, 'e3y': 96.5, 'e4x': 180.0, 'e4y': 0.5, 'size': '48X96', 'type': 'Sheet', 'species': None, 'panelguid': 'f46fa82b-0bd5-4b6c-9e7a-cce56b3143fb', 'assembly_id': None, 'description': 'Sheathing', 'elementguid': '4fb60270-84a9-4b2b-9bc1-897be38e12f4', 'actual_width': 48.0, 'familymember': '40', 'materialdesc': '5/8" DensGlas', 'actual_thickness': 0.625},), ({'b1x': 180.0, 'b1y': 0.0, 'b2x': 180.0, 'b2y': 0.625, 'b3x': 228.0, 'b3y': 0.625, 'b4x': 228.0, 'b4y': 0.0, 'e1x': 180.0, 'e1y': 0.5, 'e2x': 180.0, 'e2y': 96.5, 'e3x': 228.0, 'e3y': 96.5, 'e4x': 228.0, 'e4y': 0.5, 'size': '48X96', 'type': 'Sheet', 'species': None, 'panelguid': 'f46fa82b-0bd5-4b6c-9e7a-cce56b3143fb', 'assembly_id': None, 'description': 'Sheathing', 'elementguid': 'd9deadcb-eb85-40fb-ba1c-a530e355b077', 'actual_width': 48.0, 'familymember': '40', 'materialdesc': '5/8" DensGlas', 'actual_thickness': 0.625},)]
WARNING:root:Did not add fastening for memberf46fa82b-0bd5-4b6c-9e7a-cce56b3143fb__0497329d-15f8-45ef-807a-d5304031372e
WARNING:root:Did not add fastening for memberf46fa82b-0bd5-4b6c-9e7a-cce56b3143fb__f770aea7-6587-4773-a045-fe3ae40f4a8d
INFO:root:no material is placed with EC3
INFO:root:Started
INFO:root:results: [({'b1x': 36.0, 'b1y': 0.0, 'b2x': 36.0, 'b2y': 0.625, 'b3x': 84.0, 'b3y': 0.625, 'b4x': 84.0, 'b4y': 0.0, 'e1x': 36.0, 'e1y': 0.5, 'e2x': 36.0, 'e2y': 96.5, 'e3x': 84.0, 'e3y': 96.5, 'e4x': 84.0, 'e4y': 0.5, 'size': '48X96', 'type': 'Sheet', 'species': None, 'panelguid': 'f46fa82b-0bd5-4b6c-9e7a-cce56b3143fb', 'assembly_id': None, 'description': 'Sheathing', 'elementguid': 'fc7a333a-0f67-4b5c-bb0b-11d25b89d0cb', 'actual_width': 48.0, 'familymember': '40', 'materialdesc': '5/8" DensGlas', 'actual_thickness': 0.625},), ({'b1x': 84.0, 'b1y': 0.0, 'b2x': 84.0, 'b2y': 0.625, 'b3x': 132.0, 'b3y': 0.625, 'b4x': 132.0, 'b4y': 0.0, 'e1x': 84.0, 'e1y': 0.5, 'e2x': 84.0, 'e2y': 96.5, 'e3x': 132.0, 'e3y': 96.5, 'e4x': 132.0, 'e4y': 0.5, 'size': '48X96', 'type': 'Sheet', 'species': None, 'panelguid': 'f46fa82b-0bd5-4b6c-9e7a-cce56b3143fb', 'assembly_id': None, 'description': 'Sheathing', 'elementguid': 'f15a6174-d9a5-47d2-940d-2d36bbeffead', 'actual_width': 48.0, 'familymember': '40', 'materialdesc': '5/8" DensGlas', 'actual_thickness': 0.625},), ({'b1x': 132.0, 'b1y': 0.0, 'b2x': 132.0, 'b2y': 0.625, 'b3x': 180.0, 'b3y': 0.625, 'b4x': 180.0, 'b4y': 0.0, 'e1x': 132.0, 'e1y': 0.5, 'e2x': 132.0, 'e2y': 96.5, 'e3x': 180.0, 'e3y': 96.5, 'e4x': 180.0, 'e4y': 0.5, 'size': '48X96', 'type': 'Sheet', 'species': None, 'panelguid': 'f46fa82b-0bd5-4b6c-9e7a-cce56b3143fb', 'assembly_id': None, 'description': 'Sheathing', 'elementguid': '4fb60270-84a9-4b2b-9bc1-897be38e12f4', 'actual_width': 48.0, 'familymember': '40', 'materialdesc': '5/8" DensGlas', 'actual_thickness': 0.625},), ({'b1x': 180.0, 'b1y': 0.0, 'b2x': 180.0, 'b2y': 0.625, 'b3x': 228.0, 'b3y': 0.625, 'b4x': 228.0, 'b4y': 0.0, 'e1x': 180.0, 'e1y': 0.5, 'e2x': 180.0, 'e2y': 96.5, 'e3x': 228.0, 'e3y': 96.5, 'e4x': 228.0, 'e4y': 0.5, 'size': '48X96', 'type': 'Sheet', 'species': None, 'panelguid': 'f46fa82b-0bd5-4b6c-9e7a-cce56b3143fb', 'assembly_id': None, 'description': 'Sheathing', 'elementguid': 'd9deadcb-eb85-40fb-ba1c-a530e355b077', 'actual_width': 48.0, 'familymember': '40', 'materialdesc': '5/8" DensGlas', 'actual_thickness': 0.625},)]
WARNING:root:Did not add fastening for memberf46fa82b-0bd5-4b6c-9e7a-cce56b3143fb__0497329d-15f8-45ef-807a-d5304031372e
WARNING:root:Did not add fastening for memberf46fa82b-0bd5-4b6c-9e7a-cce56b3143fb__f770aea7-6587-4773-a045-fe3ae40f4a8d
INFO:root:no material is fastened with EC2
INFO:root:results: [({'b1x': 36.0, 'b1y': 0.0, 'b2x': 36.0, 'b2y': 0.625, 'b3x': 84.0, 'b3y': 0.625, 'b4x': 84.0, 'b4y': 0.0, 'e1x': 36.0, 'e1y': 0.5, 'e2x': 36.0, 'e2y': 96.5, 'e3x': 84.0, 'e3y': 96.5, 'e4x': 84.0, 'e4y': 0.5, 'size': '48X96', 'type': 'Sheet', 'species': None, 'panelguid': 'f46fa82b-0bd5-4b6c-9e7a-cce56b3143fb', 'assembly_id': None, 'description': 'Sheathing', 'elementguid': 'fc7a333a-0f67-4b5c-bb0b-11d25b89d0cb', 'actual_width': 48.0, 'familymember': '40', 'materialdesc': '5/8" DensGlas', 'actual_thickness': 0.625},), ({'b1x': 84.0, 'b1y': 0.0, 'b2x': 84.0, 'b2y': 0.625, 'b3x': 132.0, 'b3y': 0.625, 'b4x': 132.0, 'b4y': 0.0, 'e1x': 84.0, 'e1y': 0.5, 'e2x': 84.0, 'e2y': 96.5, 'e3x': 132.0, 'e3y': 96.5, 'e4x': 132.0, 'e4y': 0.5, 'size': '48X96', 'type': 'Sheet', 'species': None, 'panelguid': 'f46fa82b-0bd5-4b6c-9e7a-cce56b3143fb', 'assembly_id': None, 'description': 'Sheathing', 'elementguid': 'f15a6174-d9a5-47d2-940d-2d36bbeffead', 'actual_width': 48.0, 'familymember': '40', 'materialdesc': '5/8" DensGlas', 'actual_thickness': 0.625},), ({'b1x': 132.0, 'b1y': 0.0, 'b2x': 132.0, 'b2y': 0.625, 'b3x': 180.0, 'b3y': 0.625, 'b4x': 180.0, 'b4y': 0.0, 'e1x': 132.0, 'e1y': 0.5, 'e2x': 132.0, 'e2y': 96.5, 'e3x': 180.0, 'e3y': 96.5, 'e4x': 180.0, 'e4y': 0.5, 'size': '48X96', 'type': 'Sheet', 'species': None, 'panelguid': 'f46fa82b-0bd5-4b6c-9e7a-cce56b3143fb', 'assembly_id': None, 'description': 'Sheathing', 'elementguid': '4fb60270-84a9-4b2b-9bc1-897be38e12f4', 'actual_width': 48.0, 'familymember': '40', 'materialdesc': '5/8" DensGlas', 'actual_thickness': 0.625},), ({'b1x': 180.0, 'b1y': 0.0, 'b2x': 180.0, 'b2y': 0.625, 'b3x': 228.0, 'b3y': 0.625, 'b4x': 228.0, 'b4y': 0.0, 'e1x': 180.0, 'e1y': 0.5, 'e2x': 180.0, 'e2y': 96.5, 'e3x': 228.0, 'e3y': 96.5, 'e4x': 228.0, 'e4y': 0.5, 'size': '48X96', 'type': 'Sheet', 'species': None, 'panelguid': 'f46fa82b-0bd5-4b6c-9e7a-cce56b3143fb', 'assembly_id': None, 'description': 'Sheathing', 'elementguid': 'd9deadcb-eb85-40fb-ba1c-a530e355b077', 'actual_width': 48.0, 'familymember': '40', 'materialdesc': '5/8" DensGlas', 'actual_thickness': 0.625},)]
WARNING:root:Did not add fastening for memberf46fa82b-0bd5-4b6c-9e7a-cce56b3143fb__0497329d-15f8-45ef-807a-d5304031372e
WARNING:root:Did not add fastening for memberf46fa82b-0bd5-4b6c-9e7a-cce56b3143fb__f770aea7-6587-4773-a045-fe3ae40f4a8d
INFO:root:no material is placed with EC3
