WARNING : 2023-10-04 13:13:26 - Requested session timeout to be 3600000ms, got 120000ms instead
INFO : 2023-10-04 13:16:13 - Started
INFO : 2023-10-04 13:16:13 - opening connection
INFO : 2023-10-04 13:16:14 - Thread started
INFO : 2023-10-04 13:16:14 - received header: Header(type:b'ACK', chunk_type:b'F', body_size:20, channel:0)
INFO : 2023-10-04 13:16:14 - open_secure_channel
INFO : 2023-10-04 13:16:14 - received header: Header(type:b'OPN', chunk_type:b'F', body_size:123, channel:32)
INFO : 2023-10-04 13:16:14 - create_session
INFO : 2023-10-04 13:16:14 - received header: Header(type:b'MSG', chunk_type:b'F', body_size:2101, channel:32)
WARNING : 2023-10-04 13:16:14 - Requested session timeout to be 3600000ms, got 120000ms instead
INFO : 2023-10-04 13:16:14 - activate_session
INFO : 2023-10-04 13:16:14 - received header: Header(type:b'MSG', chunk_type:b'F', body_size:84, channel:32)
INFO : 2023-10-04 13:16:14 - ('Current directory:', 'C:\\Users\\Andrew Murray\\source\\Copia\\22DRX001\\Python_Script\\thinkCore')
INFO : 2023-10-04 13:16:14 - received header: Header(type:b'MSG', chunk_type:b'F', body_size:59, channel:32)
INFO : 2023-10-04 13:16:15 - received header: Header(type:b'MSG', chunk_type:b'F', body_size:59, channel:32)
INFO : 2023-10-04 13:16:16 - received header: Header(type:b'MSG', chunk_type:b'F', body_size:59, channel:32)
INFO : 2023-10-04 13:16:17 - received header: Header(type:b'MSG', chunk_type:b'F', body_size:59, channel:32)
INFO : 2023-10-04 13:16:18 - received header: Header(type:b'MSG', chunk_type:b'F', body_size:59, channel:32)
INFO : 2023-10-04 13:16:19 - received header: Header(type:b'MSG', chunk_type:b'F', body_size:59, channel:32)
INFO : 2023-10-04 13:16:20 - received header: Header(type:b'MSG', chunk_type:b'F', body_size:59, channel:32)
INFO : 2023-10-04 13:16:21 - received header: Header(type:b'MSG', chunk_type:b'F', body_size:59, channel:32)
INFO : 2023-10-04 13:16:22 - received header: Header(type:b'MSG', chunk_type:b'F', body_size:59, channel:32)
INFO : 2023-10-04 13:16:23 - received header: Header(type:b'MSG', chunk_type:b'F', body_size:59, channel:32)
INFO : 2023-10-04 13:16:24 - received header: Header(type:b'MSG', chunk_type:b'F', body_size:59, channel:32)
ERROR : 2023-10-04 13:16:25 - Failed
INFO : 2023-10-04 13:16:25 - received header: Header(type:b'MSG', chunk_type:b'F', body_size:40, channel:32)
INFO : 2023-10-04 13:16:25 - Started
